<?xml version="1.0" encoding="UTF-8"?>
<coverage generated="1568091530516" clover="3.2.0">
  <project timestamp="1568091530516" name="All files">
    <metrics statements="3" coveredstatements="2" conditionals="2" coveredconditionals="1" methods="1" coveredmethods="1" elements="6" coveredelements="4" complexity="0" loc="3" ncloc="3" packages="1" files="1" classes="1">
      <file name="index.js" path="/home/suciptoharis/weblog/catatan-tdd-javascript/test-driven-fizzbuzz/index.js">
        <metrics statements="3" coveredstatements="2" conditionals="2" coveredconditionals="1" methods="1" coveredmethods="1"/>
        <line num="1" count="1" type="stmt"/>
        <line num="4" count="2" type="cond" truecount="1" falsecount="1"/>
        <line num="5" count="0" type="stmt"/>
      </file>
    </metrics>
  </project>
</coverage>
